<<<<<<< HEAD
2020-07-27 11:37:11,284
2020-07-27 11:41:10,976
2020-07-27 12:04:28,712
2020-07-27 12:25:16,251
2020-07-27 15:14:03,060
2020-07-27 16:51:09,779
2020-07-27 16:54:38,059
2020-07-27 17:26:12,141
2020-07-27 20:54:29,358
2020-07-29 04:17:37,328
Traceback (most recent call last):
  File "C:\Users\harri\Documents\Programming\Pure_Skills\Python\practicePackage\lib\site-packages\pynput\_util\__init__.py", line 162, in inner
    return f(self, *args, **kwargs)
  File "C:\Users\harri\Documents\Programming\Pure_Skills\Python\practicePackage\lib\site-packages\pynput\keyboard\_win32.py", line 280, in _process
    self.on_press(key)
  File "C:\Users\harri\Documents\Programming\Pure_Skills\Python\practicePackage\lib\site-packages\pynput\_util\__init__.py", line 78, in inner
    if f(*args) is False:
  File "C:\Users\harri\Documents\Programming\Pure_Skills\Python\practicePackage\lib\site-packages\pynput\keyboard\__init__.py", line 243, in _on_press
    hotkey.press(self.canonical(key))
  File "C:\Users\harri\Documents\Programming\Pure_Skills\Python\practicePackage\lib\site-packages\pynput\keyboard\__init__.py", line 202, in press
    self._on_activate()
  File "C:\Users\harri\Documents\Programming\Pure_Skills\Python\SeleniumDriver\Knowledge_selector\keyHandler.py", line 74, in fillText
    newStart, newEnd = self.traverseTillSpace(start, end, self.currBaseText, recentKnowledge)
  File "C:\Users\harri\Documents\Programming\Pure_Skills\Python\SeleniumDriver\Knowledge_selector\keyHandler.py", line 42, in traverseTillSpace
    while currBaseText[newEnd] != " " and newEnd < len(currBaseText) - 1:
IndexError: string index out of range
2020-07-29 04:18:11,961
2020-07-29 04:29:08,063
2020-07-29 04:45:25,464
Traceback (most recent call last):
  File "C:\Users\harri\Documents\Programming\Pure_Skills\Python\practicePackage\lib\site-packages\pynput\_util\__init__.py", line 162, in inner
    return f(self, *args, **kwargs)
  File "C:\Users\harri\Documents\Programming\Pure_Skills\Python\practicePackage\lib\site-packages\pynput\keyboard\_win32.py", line 280, in _process
    self.on_press(key)
  File "C:\Users\harri\Documents\Programming\Pure_Skills\Python\practicePackage\lib\site-packages\pynput\_util\__init__.py", line 78, in inner
    if f(*args) is False:
  File "C:\Users\harri\Documents\Programming\Pure_Skills\Python\practicePackage\lib\site-packages\pynput\keyboard\__init__.py", line 243, in _on_press
    hotkey.press(self.canonical(key))
  File "C:\Users\harri\Documents\Programming\Pure_Skills\Python\practicePackage\lib\site-packages\pynput\keyboard\__init__.py", line 202, in press
    self._on_activate()
  File "C:\Users\harri\Documents\Programming\Pure_Skills\Python\SeleniumDriver\Knowledge_selector\keyHandler.py", line 74, in fillText
    newStart, newEnd = self.traverseTillSpace(start, end, self.currBaseText, recentKnowledge)
  File "C:\Users\harri\Documents\Programming\Pure_Skills\Python\SeleniumDriver\Knowledge_selector\keyHandler.py", line 42, in traverseTillSpace
    while currBaseText[newEnd] != " " and newEnd < len(currBaseText) - 1:
IndexError: string index out of range
2020-07-29 04:45:51,300
2020-07-29 04:48:04,886
Traceback (most recent call last):
  File "C:\Users\harri\Documents\Programming\Pure_Skills\Python\practicePackage\lib\site-packages\pynput\_util\__init__.py", line 162, in inner
    return f(self, *args, **kwargs)
  File "C:\Users\harri\Documents\Programming\Pure_Skills\Python\practicePackage\lib\site-packages\pynput\keyboard\_win32.py", line 280, in _process
    self.on_press(key)
  File "C:\Users\harri\Documents\Programming\Pure_Skills\Python\practicePackage\lib\site-packages\pynput\_util\__init__.py", line 78, in inner
    if f(*args) is False:
  File "C:\Users\harri\Documents\Programming\Pure_Skills\Python\practicePackage\lib\site-packages\pynput\keyboard\__init__.py", line 243, in _on_press
    hotkey.press(self.canonical(key))
  File "C:\Users\harri\Documents\Programming\Pure_Skills\Python\practicePackage\lib\site-packages\pynput\keyboard\__init__.py", line 202, in press
    self._on_activate()
  File "C:\Users\harri\Documents\Programming\Pure_Skills\Python\SeleniumDriver\Knowledge_selector\keyHandler.py", line 75, in fillText
    newStart, newEnd = self.traverseTillSpace(start, end, self.currBaseText, recentKnowledge)
  File "C:\Users\harri\Documents\Programming\Pure_Skills\Python\SeleniumDriver\Knowledge_selector\keyHandler.py", line 42, in traverseTillSpace
    while currBaseText[newEnd] != " " and newEnd < len(currBaseText) - 1:
IndexError: string index out of range
2020-07-29 04:49:00,367
2020-07-29 04:53:51,289
Traceback (most recent call last):
  File "C:\Users\harri\Documents\Programming\Pure_Skills\Python\practicePackage\lib\site-packages\pynput\_util\__init__.py", line 162, in inner
    return f(self, *args, **kwargs)
  File "C:\Users\harri\Documents\Programming\Pure_Skills\Python\practicePackage\lib\site-packages\pynput\keyboard\_win32.py", line 280, in _process
    self.on_press(key)
  File "C:\Users\harri\Documents\Programming\Pure_Skills\Python\practicePackage\lib\site-packages\pynput\_util\__init__.py", line 78, in inner
    if f(*args) is False:
  File "C:\Users\harri\Documents\Programming\Pure_Skills\Python\practicePackage\lib\site-packages\pynput\keyboard\__init__.py", line 243, in _on_press
    hotkey.press(self.canonical(key))
  File "C:\Users\harri\Documents\Programming\Pure_Skills\Python\practicePackage\lib\site-packages\pynput\keyboard\__init__.py", line 202, in press
    self._on_activate()
  File "C:\Users\harri\Documents\Programming\Pure_Skills\Python\SeleniumDriver\Knowledge_selector\keyHandler.py", line 75, in fillText
    newStart, newEnd = self.traverseTillSpace(start, end - 1, self.currBaseText, recentKnowledge)
  File "C:\Users\harri\Documents\Programming\Pure_Skills\Python\SeleniumDriver\Knowledge_selector\keyHandler.py", line 42, in traverseTillSpace
    while currBaseText[newEnd] != " " and newEnd < len(currBaseText) - 1:
IndexError: string index out of range
2020-07-29 05:13:49,840
2020-07-29 15:05:02,772
2020-07-29 15:16:57,169
2020-07-29 15:34:22,419
Traceback (most recent call last):
  File "knowItAll.py", line 88, in main
    time.sleep(0.5) ## Time it takes to find first instance of text: 0s - 0.5s
KeyboardInterrupt
2020-07-30 23:21:03,129
Traceback (most recent call last):
  File "knowItAll.py", line 97, in main
    time.sleep(0.5) ## Time it takes to find first instance of text: 0s - 0.5s
KeyboardInterrupt
2020-07-31 10:49:40,680
Traceback (most recent call last):
  File "knowItAll.py", line 99, in main
    time.sleep(0.5) ## Time it takes to find first instance of text: 0s - 0.5s
KeyboardInterrupt
2020-08-01 18:33:41,151
Traceback (most recent call last):
  File "knowItAll.py", line 111, in main
    time.sleep(0.5) ## Time it takes to find first instance of text: 0s - 0.5s
KeyboardInterrupt
2020-08-03 17:28:26,838
Traceback (most recent call last):
  File "knowItAll.py", line 112, in main
    url = driver.driver.current_url
  File "C:\Users\harri\Documents\Programming\Pure_Skills\Python\practicePackage\lib\site-packages\selenium\webdriver\remote\webdriver.py", line 669, in current_url
    return self.execute(Command.GET_CURRENT_URL)['value']
  File "C:\Users\harri\Documents\Programming\Pure_Skills\Python\practicePackage\lib\site-packages\selenium\webdriver\remote\webdriver.py", line 321, in execute
    self.error_handler.check_response(response)
  File "C:\Users\harri\Documents\Programming\Pure_Skills\Python\practicePackage\lib\site-packages\selenium\webdriver\remote\errorhandler.py", line 242, in check_response
    raise exception_class(message, screen, stacktrace)
selenium.common.exceptions.WebDriverException: Message: chrome not reachable
  (Session info: chrome=84.0.4147.105)

2020-08-03 17:30:45,116
Traceback (most recent call last):
  File "knowItAll.py", line 116, in main
    if not len(driver.driver.window_handles):
  File "C:\Users\harri\Documents\Programming\Pure_Skills\Python\practicePackage\lib\site-packages\selenium\webdriver\remote\webdriver.py", line 724, in window_handles
    return self.execute(Command.W3C_GET_WINDOW_HANDLES)['value']
  File "C:\Users\harri\Documents\Programming\Pure_Skills\Python\practicePackage\lib\site-packages\selenium\webdriver\remote\webdriver.py", line 321, in execute
    self.error_handler.check_response(response)
  File "C:\Users\harri\Documents\Programming\Pure_Skills\Python\practicePackage\lib\site-packages\selenium\webdriver\remote\errorhandler.py", line 242, in check_response
    raise exception_class(message, screen, stacktrace)
selenium.common.exceptions.WebDriverException: Message: chrome not reachable
  (Session info: chrome=84.0.4147.105)

2020-08-03 17:32:25,129
Traceback (most recent call last):
  File "knowItAll.py", line 116, in main
    if not len(driver.driver.window_handles):
  File "C:\Users\harri\Documents\Programming\Pure_Skills\Python\practicePackage\lib\site-packages\selenium\webdriver\remote\webdriver.py", line 724, in window_handles
    return self.execute(Command.W3C_GET_WINDOW_HANDLES)['value']
  File "C:\Users\harri\Documents\Programming\Pure_Skills\Python\practicePackage\lib\site-packages\selenium\webdriver\remote\webdriver.py", line 321, in execute
    self.error_handler.check_response(response)
  File "C:\Users\harri\Documents\Programming\Pure_Skills\Python\practicePackage\lib\site-packages\selenium\webdriver\remote\errorhandler.py", line 242, in check_response
    raise exception_class(message, screen, stacktrace)
selenium.common.exceptions.WebDriverException: Message: chrome not reachable
  (Session info: chrome=84.0.4147.105)

2020-08-03 17:41:51,817
Traceback (most recent call last):
  File "knowItAll.py", line 116, in main
    print(len(driver.driver.window_handles))
  File "C:\Users\harri\Documents\Programming\Pure_Skills\Python\practicePackage\lib\site-packages\selenium\webdriver\remote\webdriver.py", line 724, in window_handles
    return self.execute(Command.W3C_GET_WINDOW_HANDLES)['value']
  File "C:\Users\harri\Documents\Programming\Pure_Skills\Python\practicePackage\lib\site-packages\selenium\webdriver\remote\webdriver.py", line 321, in execute
    self.error_handler.check_response(response)
  File "C:\Users\harri\Documents\Programming\Pure_Skills\Python\practicePackage\lib\site-packages\selenium\webdriver\remote\errorhandler.py", line 242, in check_response
    raise exception_class(message, screen, stacktrace)
selenium.common.exceptions.WebDriverException: Message: chrome not reachable
  (Session info: chrome=84.0.4147.105)

2020-08-03 17:53:39,702
Traceback (most recent call last):
  File "knowItAll.py", line 114, in main
    time.sleep(0.5) ## Time it takes to find first instance of text: 0s - 0.5s
KeyboardInterrupt
2020-08-04 16:14:53,515
Traceback (most recent call last):
  File "knowItAll.py", line 114, in main
KeyboardInterrupt
2020-08-05 02:08:53,664
Traceback (most recent call last):
  File "knowItAll.py", line 115, in main
    time.sleep(0.5) ## Time it takes to find first instance of text: 0s - 0.5s
KeyboardInterrupt
2020-08-06 16:46:13,929
Traceback (most recent call last):
  File "knowItAll.py", line 115, in main
    time.sleep(0.5) ## Time it takes to find first instance of text: 0s - 0.5s
KeyboardInterrupt
2020-08-07 12:24:13,138
Traceback (most recent call last):
  File "knowItAll.py", line 113, in main
    url = driver.driver.current_url
  File "C:\Users\harri\Documents\Programming\Pure_Skills\Python\practicePackage\lib\site-packages\selenium\webdriver\remote\webdriver.py", line 669, in current_url
    return self.execute(Command.GET_CURRENT_URL)['value']
  File "C:\Users\harri\Documents\Programming\Pure_Skills\Python\practicePackage\lib\site-packages\selenium\webdriver\remote\webdriver.py", line 319, in execute
    response = self.command_executor.execute(driver_command, params)
  File "C:\Users\harri\Documents\Programming\Pure_Skills\Python\practicePackage\lib\site-packages\selenium\webdriver\remote\remote_connection.py", line 374, in execute
    return self._request(command_info[0], url, body=data)
  File "C:\Users\harri\Documents\Programming\Pure_Skills\Python\practicePackage\lib\site-packages\selenium\webdriver\remote\remote_connection.py", line 397, in _request
    resp = self._conn.request(method, url, body=body, headers=headers)
  File "C:\Users\harri\Documents\Programming\Pure_Skills\Python\practicePackage\lib\site-packages\urllib3\request.py", line 76, in request
    method, url, fields=fields, headers=headers, **urlopen_kw
  File "C:\Users\harri\Documents\Programming\Pure_Skills\Python\practicePackage\lib\site-packages\urllib3\request.py", line 97, in request_encode_url
    return self.urlopen(method, url, **extra_kw)
  File "C:\Users\harri\Documents\Programming\Pure_Skills\Python\practicePackage\lib\site-packages\urllib3\poolmanager.py", line 336, in urlopen
    response = conn.urlopen(method, u.request_uri, **kw)
  File "C:\Users\harri\Documents\Programming\Pure_Skills\Python\practicePackage\lib\site-packages\urllib3\connectionpool.py", line 677, in urlopen
    chunked=chunked,
  File "C:\Users\harri\Documents\Programming\Pure_Skills\Python\practicePackage\lib\site-packages\urllib3\connectionpool.py", line 426, in _make_request
    six.raise_from(e, None)
  File "<string>", line 3, in raise_from
  File "C:\Users\harri\Documents\Programming\Pure_Skills\Python\practicePackage\lib\site-packages\urllib3\connectionpool.py", line 421, in _make_request
    httplib_response = conn.getresponse()
  File "C:\Users\harri\AppData\Local\Programs\Python\Python37\lib\http\client.py", line 1321, in getresponse
    response.begin()
  File "C:\Users\harri\AppData\Local\Programs\Python\Python37\lib\http\client.py", line 296, in begin
    version, status, reason = self._read_status()
  File "C:\Users\harri\AppData\Local\Programs\Python\Python37\lib\http\client.py", line 257, in _read_status
    line = str(self.fp.readline(_MAXLINE + 1), "iso-8859-1")
  File "C:\Users\harri\AppData\Local\Programs\Python\Python37\lib\socket.py", line 589, in readinto
    return self._sock.recv_into(b)
KeyboardInterrupt
2020-08-07 12:36:59,537
Traceback (most recent call last):
  File "knowItAll.py", line 115, in main
    time.sleep(0.5) ## Time it takes to find first instance of text: 0s - 0.5s
KeyboardInterrupt
2020-08-07 12:57:52,452
Traceback (most recent call last):
  File "knowItAll.py", line 118, in main
    text, baseText = driver.getSelectedText()
  File "..\ChromeDriver.py", line 119, in getSelectedText
    except JavascriptException:
  File "C:\Users\harri\Documents\Programming\Pure_Skills\Python\practicePackage\lib\site-packages\selenium\webdriver\remote\webdriver.py", line 636, in execute_script
    'args': converted_args})['value']
  File "C:\Users\harri\Documents\Programming\Pure_Skills\Python\practicePackage\lib\site-packages\selenium\webdriver\remote\webdriver.py", line 319, in execute
    response = self.command_executor.execute(driver_command, params)
  File "C:\Users\harri\Documents\Programming\Pure_Skills\Python\practicePackage\lib\site-packages\selenium\webdriver\remote\remote_connection.py", line 374, in execute
    return self._request(command_info[0], url, body=data)
  File "C:\Users\harri\Documents\Programming\Pure_Skills\Python\practicePackage\lib\site-packages\selenium\webdriver\remote\remote_connection.py", line 397, in _request
    resp = self._conn.request(method, url, body=body, headers=headers)
  File "C:\Users\harri\Documents\Programming\Pure_Skills\Python\practicePackage\lib\site-packages\urllib3\request.py", line 80, in request
    method, url, fields=fields, headers=headers, **urlopen_kw
  File "C:\Users\harri\Documents\Programming\Pure_Skills\Python\practicePackage\lib\site-packages\urllib3\request.py", line 171, in request_encode_body
    return self.urlopen(method, url, **extra_kw)
  File "C:\Users\harri\Documents\Programming\Pure_Skills\Python\practicePackage\lib\site-packages\urllib3\poolmanager.py", line 336, in urlopen
    response = conn.urlopen(method, u.request_uri, **kw)
  File "C:\Users\harri\Documents\Programming\Pure_Skills\Python\practicePackage\lib\site-packages\urllib3\connectionpool.py", line 677, in urlopen
    chunked=chunked,
  File "C:\Users\harri\Documents\Programming\Pure_Skills\Python\practicePackage\lib\site-packages\urllib3\connectionpool.py", line 426, in _make_request
    six.raise_from(e, None)
  File "<string>", line 3, in raise_from
  File "C:\Users\harri\Documents\Programming\Pure_Skills\Python\practicePackage\lib\site-packages\urllib3\connectionpool.py", line 421, in _make_request
    httplib_response = conn.getresponse()
  File "C:\Users\harri\AppData\Local\Programs\Python\Python37\lib\http\client.py", line 1321, in getresponse
    response.begin()
  File "C:\Users\harri\AppData\Local\Programs\Python\Python37\lib\http\client.py", line 296, in begin
    version, status, reason = self._read_status()
  File "C:\Users\harri\AppData\Local\Programs\Python\Python37\lib\http\client.py", line 257, in _read_status
    line = str(self.fp.readline(_MAXLINE + 1), "iso-8859-1")
  File "C:\Users\harri\AppData\Local\Programs\Python\Python37\lib\socket.py", line 589, in readinto
    return self._sock.recv_into(b)
KeyboardInterrupt
2020-08-07 20:25:38,066
Traceback (most recent call last):
  File "knowItAll.py", line 118, in main
    text, baseText = driver.getSelectedText()
  File "..\ChromeDriver.py", line 111, in getSelectedText
    browserText = self.driver.execute_script("return window.getSelection().toString()")
  File "C:\Users\harri\Documents\Programming\Pure_Skills\Python\practicePackage\lib\site-packages\selenium\webdriver\remote\webdriver.py", line 636, in execute_script
    'args': converted_args})['value']
  File "C:\Users\harri\Documents\Programming\Pure_Skills\Python\practicePackage\lib\site-packages\selenium\webdriver\remote\webdriver.py", line 319, in execute
    response = self.command_executor.execute(driver_command, params)
  File "C:\Users\harri\Documents\Programming\Pure_Skills\Python\practicePackage\lib\site-packages\selenium\webdriver\remote\remote_connection.py", line 374, in execute
    return self._request(command_info[0], url, body=data)
  File "C:\Users\harri\Documents\Programming\Pure_Skills\Python\practicePackage\lib\site-packages\selenium\webdriver\remote\remote_connection.py", line 397, in _request
    resp = self._conn.request(method, url, body=body, headers=headers)
  File "C:\Users\harri\Documents\Programming\Pure_Skills\Python\practicePackage\lib\site-packages\urllib3\request.py", line 80, in request
    method, url, fields=fields, headers=headers, **urlopen_kw
  File "C:\Users\harri\Documents\Programming\Pure_Skills\Python\practicePackage\lib\site-packages\urllib3\request.py", line 171, in request_encode_body
    return self.urlopen(method, url, **extra_kw)
  File "C:\Users\harri\Documents\Programming\Pure_Skills\Python\practicePackage\lib\site-packages\urllib3\poolmanager.py", line 336, in urlopen
    response = conn.urlopen(method, u.request_uri, **kw)
  File "C:\Users\harri\Documents\Programming\Pure_Skills\Python\practicePackage\lib\site-packages\urllib3\connectionpool.py", line 677, in urlopen
    chunked=chunked,
  File "C:\Users\harri\Documents\Programming\Pure_Skills\Python\practicePackage\lib\site-packages\urllib3\connectionpool.py", line 426, in _make_request
    six.raise_from(e, None)
  File "<string>", line 3, in raise_from
  File "C:\Users\harri\Documents\Programming\Pure_Skills\Python\practicePackage\lib\site-packages\urllib3\connectionpool.py", line 421, in _make_request
    httplib_response = conn.getresponse()
  File "C:\Users\harri\AppData\Local\Programs\Python\Python37\lib\http\client.py", line 1321, in getresponse
    response.begin()
  File "C:\Users\harri\AppData\Local\Programs\Python\Python37\lib\http\client.py", line 296, in begin
    version, status, reason = self._read_status()
  File "C:\Users\harri\AppData\Local\Programs\Python\Python37\lib\http\client.py", line 257, in _read_status
    line = str(self.fp.readline(_MAXLINE + 1), "iso-8859-1")
  File "C:\Users\harri\AppData\Local\Programs\Python\Python37\lib\socket.py", line 589, in readinto
    return self._sock.recv_into(b)
KeyboardInterrupt
2020-08-08 19:49:48,410
Traceback (most recent call last):
  File "knowItAll.py", line 115, in main
    time.sleep(0.5) ## Time it takes to find first instance of text: 0s - 0.5s
KeyboardInterrupt
2020-08-10 11:07:28,746
Traceback (most recent call last):
  File "knowItAll.py", line 115, in main
    time.sleep(0.5) ## Time it takes to find first instance of text: 0s - 0.5s
KeyboardInterrupt
2020-08-11 12:16:39,400
Traceback (most recent call last):
  File "knowItAll.py", line 115, in main
    time.sleep(0.5) ## Time it takes to find first instance of text: 0s - 0.5s
KeyboardInterrupt
2020-08-11 12:19:43,896
Traceback (most recent call last):
  File "C:\Users\harri\Documents\Programming\Pure_Skills\Python\practicePackage\lib\site-packages\pynput\_util\__init__.py", line 162, in inner
    return f(self, *args, **kwargs)
  File "C:\Users\harri\Documents\Programming\Pure_Skills\Python\practicePackage\lib\site-packages\pynput\keyboard\_win32.py", line 280, in _process
    self.on_press(key)
  File "C:\Users\harri\Documents\Programming\Pure_Skills\Python\practicePackage\lib\site-packages\pynput\_util\__init__.py", line 78, in inner
    if f(*args) is False:
  File "C:\Users\harri\Documents\Programming\Pure_Skills\Python\practicePackage\lib\site-packages\pynput\keyboard\__init__.py", line 243, in _on_press
    hotkey.press(self.canonical(key))
  File "C:\Users\harri\Documents\Programming\Pure_Skills\Python\practicePackage\lib\site-packages\pynput\keyboard\__init__.py", line 202, in press
    self._on_activate()
  File "C:\Users\harri\Documents\Programming\Pure_Skills\Python\SeleniumDriver\Knowledge_selector\keyHandler.py", line 94, in freeze
    self.freeze = not self.Freeze
AttributeError: 'KeyThread' object has no attribute 'Freeze'
2020-08-11 12:19:55,104
Traceback (most recent call last):
  File "knowItAll.py", line 120, in main
    time.sleep(0.5) ## Time it takes to find first instance of text: 0s - 0.5s
KeyboardInterrupt
2020-08-11 12:21:02,348
Traceback (most recent call last):
  File "C:\Users\harri\Documents\Programming\Pure_Skills\Python\practicePackage\lib\site-packages\pynput\_util\__init__.py", line 162, in inner
    return f(self, *args, **kwargs)
  File "C:\Users\harri\Documents\Programming\Pure_Skills\Python\practicePackage\lib\site-packages\pynput\keyboard\_win32.py", line 280, in _process
    self.on_press(key)
  File "C:\Users\harri\Documents\Programming\Pure_Skills\Python\practicePackage\lib\site-packages\pynput\_util\__init__.py", line 78, in inner
    if f(*args) is False:
  File "C:\Users\harri\Documents\Programming\Pure_Skills\Python\practicePackage\lib\site-packages\pynput\keyboard\__init__.py", line 243, in _on_press
    hotkey.press(self.canonical(key))
  File "C:\Users\harri\Documents\Programming\Pure_Skills\Python\practicePackage\lib\site-packages\pynput\keyboard\__init__.py", line 202, in press
    self._on_activate()
  File "C:\Users\harri\Documents\Programming\Pure_Skills\Python\SeleniumDriver\Knowledge_selector\keyHandler.py", line 94, in freeze
    self.freeze = not self.Freeze
AttributeError: 'KeyThread' object has no attribute 'Freeze'
2020-08-11 12:22:06,124
Traceback (most recent call last):
  File "knowItAll.py", line 120, in main
    time.sleep(0.5) ## Time it takes to find first instance of text: 0s - 0.5s
KeyboardInterrupt
2020-08-11 12:53:23,721
Traceback (most recent call last):
  File "C:\Users\harri\Documents\Programming\Pure_Skills\Python\practicePackage\lib\site-packages\pynput\_util\__init__.py", line 162, in inner
    return f(self, *args, **kwargs)
  File "C:\Users\harri\Documents\Programming\Pure_Skills\Python\practicePackage\lib\site-packages\pynput\keyboard\_win32.py", line 280, in _process
    self.on_press(key)
  File "C:\Users\harri\Documents\Programming\Pure_Skills\Python\practicePackage\lib\site-packages\pynput\_util\__init__.py", line 78, in inner
    if f(*args) is False:
  File "C:\Users\harri\Documents\Programming\Pure_Skills\Python\practicePackage\lib\site-packages\pynput\keyboard\__init__.py", line 243, in _on_press
    hotkey.press(self.canonical(key))
  File "C:\Users\harri\Documents\Programming\Pure_Skills\Python\practicePackage\lib\site-packages\pynput\keyboard\__init__.py", line 202, in press
    self._on_activate()
  File "C:\Users\harri\Documents\Programming\Pure_Skills\Python\SeleniumDriver\Knowledge_selector\keyHandler.py", line 71, in fillText
    if isFreeze(): return
NameError: name 'isFreeze' is not defined
2020-08-11 12:53:31,410
Traceback (most recent call last):
  File "knowItAll.py", line 120, in main
    time.sleep(0.5) ## Time it takes to find first instance of text: 0s - 0.5s
KeyboardInterrupt
2020-08-11 13:02:07,768
Traceback (most recent call last):
  File "knowItAll.py", line 118, in main
    freeze = freeze
KeyboardInterrupt
2020-08-11 14:45:07,765
Traceback (most recent call last):
  File "knowItAll.py", line 118, in main
    currBaseText, url, urlKnowledge, level, newWindowIndex, freeze = [keyVariables["currBaseText"], keyVariables["url"], \
KeyboardInterrupt
2020-08-11 15:17:37,438
Traceback (most recent call last):
  File "knowItAll.py", line 129, in main
    text, baseText = driver.getSelectedText()
  File "..\ChromeDriver.py", line 124, in getSelectedText
    baseText = "" if base == None else base["parentNode"].text if isinstance(base, Mapping) else ""
  File "C:\Users\harri\Documents\Programming\Pure_Skills\Python\practicePackage\lib\site-packages\selenium\webdriver\remote\webelement.py", line 76, in text
    return self._execute(Command.GET_ELEMENT_TEXT)['value']
  File "C:\Users\harri\Documents\Programming\Pure_Skills\Python\practicePackage\lib\site-packages\selenium\webdriver\remote\webelement.py", line 633, in _execute
    return self._parent.execute(command, params)
  File "C:\Users\harri\Documents\Programming\Pure_Skills\Python\practicePackage\lib\site-packages\selenium\webdriver\remote\webdriver.py", line 319, in execute
    response = self.command_executor.execute(driver_command, params)
  File "C:\Users\harri\Documents\Programming\Pure_Skills\Python\practicePackage\lib\site-packages\selenium\webdriver\remote\remote_connection.py", line 374, in execute
    return self._request(command_info[0], url, body=data)
  File "C:\Users\harri\Documents\Programming\Pure_Skills\Python\practicePackage\lib\site-packages\selenium\webdriver\remote\remote_connection.py", line 397, in _request
    resp = self._conn.request(method, url, body=body, headers=headers)
  File "C:\Users\harri\Documents\Programming\Pure_Skills\Python\practicePackage\lib\site-packages\urllib3\request.py", line 76, in request
    method, url, fields=fields, headers=headers, **urlopen_kw
  File "C:\Users\harri\Documents\Programming\Pure_Skills\Python\practicePackage\lib\site-packages\urllib3\request.py", line 97, in request_encode_url
    return self.urlopen(method, url, **extra_kw)
  File "C:\Users\harri\Documents\Programming\Pure_Skills\Python\practicePackage\lib\site-packages\urllib3\poolmanager.py", line 336, in urlopen
    response = conn.urlopen(method, u.request_uri, **kw)
  File "C:\Users\harri\Documents\Programming\Pure_Skills\Python\practicePackage\lib\site-packages\urllib3\connectionpool.py", line 677, in urlopen
    chunked=chunked,
  File "C:\Users\harri\Documents\Programming\Pure_Skills\Python\practicePackage\lib\site-packages\urllib3\connectionpool.py", line 426, in _make_request
    six.raise_from(e, None)
  File "<string>", line 3, in raise_from
  File "C:\Users\harri\Documents\Programming\Pure_Skills\Python\practicePackage\lib\site-packages\urllib3\connectionpool.py", line 421, in _make_request
    httplib_response = conn.getresponse()
  File "C:\Users\harri\AppData\Local\Programs\Python\Python37\lib\http\client.py", line 1321, in getresponse
    response.begin()
  File "C:\Users\harri\AppData\Local\Programs\Python\Python37\lib\http\client.py", line 296, in begin
    version, status, reason = self._read_status()
  File "C:\Users\harri\AppData\Local\Programs\Python\Python37\lib\http\client.py", line 257, in _read_status
    line = str(self.fp.readline(_MAXLINE + 1), "iso-8859-1")
  File "C:\Users\harri\AppData\Local\Programs\Python\Python37\lib\socket.py", line 589, in readinto
    return self._sock.recv_into(b)
KeyboardInterrupt
2020-08-13 16:26:25,767
Traceback (most recent call last):
  File "knowItAll.py", line 124, in main
    driver.switch_to_new_tab(newWindowIndex)
  File "..\ChromeDriver.py", line 31, in switch_to_new_tab
    if self.driver.window_handles[self.windowIndex] == self.driver.window_handles[index]:
  File "C:\Users\harri\Documents\Programming\Pure_Skills\Python\practicePackage\lib\site-packages\selenium\webdriver\remote\webdriver.py", line 724, in window_handles
    return self.execute(Command.W3C_GET_WINDOW_HANDLES)['value']
  File "C:\Users\harri\Documents\Programming\Pure_Skills\Python\practicePackage\lib\site-packages\selenium\webdriver\remote\webdriver.py", line 319, in execute
    response = self.command_executor.execute(driver_command, params)
  File "C:\Users\harri\Documents\Programming\Pure_Skills\Python\practicePackage\lib\site-packages\selenium\webdriver\remote\remote_connection.py", line 374, in execute
    return self._request(command_info[0], url, body=data)
  File "C:\Users\harri\Documents\Programming\Pure_Skills\Python\practicePackage\lib\site-packages\selenium\webdriver\remote\remote_connection.py", line 397, in _request
    resp = self._conn.request(method, url, body=body, headers=headers)
  File "C:\Users\harri\Documents\Programming\Pure_Skills\Python\practicePackage\lib\site-packages\urllib3\request.py", line 76, in request
    method, url, fields=fields, headers=headers, **urlopen_kw
  File "C:\Users\harri\Documents\Programming\Pure_Skills\Python\practicePackage\lib\site-packages\urllib3\request.py", line 97, in request_encode_url
    return self.urlopen(method, url, **extra_kw)
  File "C:\Users\harri\Documents\Programming\Pure_Skills\Python\practicePackage\lib\site-packages\urllib3\poolmanager.py", line 336, in urlopen
    response = conn.urlopen(method, u.request_uri, **kw)
  File "C:\Users\harri\Documents\Programming\Pure_Skills\Python\practicePackage\lib\site-packages\urllib3\connectionpool.py", line 677, in urlopen
    chunked=chunked,
  File "C:\Users\harri\Documents\Programming\Pure_Skills\Python\practicePackage\lib\site-packages\urllib3\connectionpool.py", line 426, in _make_request
    six.raise_from(e, None)
  File "<string>", line 3, in raise_from
  File "C:\Users\harri\Documents\Programming\Pure_Skills\Python\practicePackage\lib\site-packages\urllib3\connectionpool.py", line 421, in _make_request
    httplib_response = conn.getresponse()
  File "C:\Users\harri\AppData\Local\Programs\Python\Python37\lib\http\client.py", line 1321, in getresponse
    response.begin()
  File "C:\Users\harri\AppData\Local\Programs\Python\Python37\lib\http\client.py", line 296, in begin
    version, status, reason = self._read_status()
  File "C:\Users\harri\AppData\Local\Programs\Python\Python37\lib\http\client.py", line 257, in _read_status
    line = str(self.fp.readline(_MAXLINE + 1), "iso-8859-1")
  File "C:\Users\harri\AppData\Local\Programs\Python\Python37\lib\socket.py", line 589, in readinto
    return self._sock.recv_into(b)
KeyboardInterrupt
2020-08-14 15:15:14,641
Traceback (most recent call last):
  File "knowItAll.py", line 126, in main
    time.sleep(0.5) ## Time it takes to find first instance of text: 0s - 0.5s
KeyboardInterrupt
2020-08-15 22:55:45,607
Traceback (most recent call last):
  File "knowItAll.py", line 126, in main
    time.sleep(0.5) ## Time it takes to find first instance of text: 0s - 0.5s
KeyboardInterrupt
2020-08-17 02:18:37,985
Traceback (most recent call last):
  File "knowItAll.py", line 126, in main
    time.sleep(0.5) ## Time it takes to find first instance of text: 0s - 0.5s
KeyboardInterrupt
2020-08-18 01:18:41,943
Traceback (most recent call last):
  File "knowItAll.py", line 120, in main
    keyVariables["urlKnowledge"], keyVariables["level"], keyVariables["windowIndex"], keyVariables["freeze"]]
KeyboardInterrupt
2020-08-18 01:37:55,083
Traceback (most recent call last):
  File "knowItAll.py", line 120, in main
    keyVariables["urlKnowledge"], keyVariables["level"], keyVariables["windowIndex"], keyVariables["freeze"]]
KeyboardInterrupt
2020-08-19 10:12:26,564
Traceback (most recent call last):
  File "knowItAll.py", line 126, in main
    time.sleep(0.5) ## Time it takes to find first instance of text: 0s - 0.5s
KeyboardInterrupt
2020-08-19 15:00:46,558
Traceback (most recent call last):
  File "knowItAll.py", line 118, in main
    keyVariables = keyThread.updateMainThread()
  File "C:\Users\harri\Documents\Programming\Pure_Skills\Python\SeleniumDriver\Knowledge_selector\keyHandler.py", line 27, in updateMainThread
    def updateMainThread(self):
KeyboardInterrupt
2020-08-20 21:34:31,259
Traceback (most recent call last):
  File "knowItAll.py", line 126, in main
    time.sleep(0.5) ## Time it takes to find first instance of text: 0s - 0.5s
KeyboardInterrupt
2020-08-21 11:35:12,551
Traceback (most recent call last):
  File "knowItAll.py", line 126, in main
    time.sleep(0.5) ## Time it takes to find first instance of text: 0s - 0.5s
KeyboardInterrupt
=======
2020-07-30 17:37:11,536
2020-07-30 18:34:35,720
2020-07-30 20:08:26,270
>>>>>>> master
2020-08-24 22:36:09,218
Traceback (most recent call last):
  File "knowItAll.py", line 126, in main
    time.sleep(0.5) ## Time it takes to find first instance of text: 0s - 0.5s
KeyboardInterrupt
